[09-Dec-2019 15:00:03 Europe/Berlin] PHP Notice:  Undefined index: operator_name in /srv/app/mock/day_whole.php on line 102
[09-Dec-2019 15:00:03 Europe/Berlin] PHP Notice:  Undefined index: operator_name in /srv/app/mock/daily_whole.php on line 84
[09-Dec-2019 15:00:03 Europe/Berlin] PHP Notice:  Undefined index: operator_name in /srv/app/mock/day_whole.php on line 102
[09-Dec-2019 15:00:03 Europe/Berlin] PHP Notice:  Undefined index: operator_name in /srv/app/mock/daily_whole.php on line 84
[09-Dec-2019 15:00:11 Europe/Berlin] PHP Notice:  Undefined index: tag in /srv/app/mock/dailycore.php on line 168
[09-Dec-2019 15:00:11 Europe/Berlin] PHP Notice:  Undefined index: tag in /srv/app/mock/dailycore.php on line 190
[09-Dec-2019 15:00:12 Europe/Berlin] PHP Notice:  Undefined index: tag in /srv/app/mock/dailycore.php on line 168
[09-Dec-2019 15:00:12 Europe/Berlin] PHP Notice:  Undefined index: tag in /srv/app/mock/dailycore.php on line 190
[09-Dec-2019 15:00:12 Europe/Berlin] PHP Notice:  Undefined index: operator_name in /srv/app/mock/daycore.php on line 176
[09-Dec-2019 15:00:12 Europe/Berlin] PHP Notice:  Undefined index: operator_name in /srv/app/mock/daycore.php on line 198
[09-Dec-2019 15:00:13 Europe/Berlin] PHP Notice:  Undefined index: operator_name in /srv/app/mock/daycore.php on line 225
[09-Dec-2019 15:00:13 Europe/Berlin] PHP Notice:  Undefined index: operator_name in /srv/app/mock/daycore.php on line 250
[09-Dec-2019 15:00:13 Europe/Berlin] PHP Notice:  Undefined index: operator_name in /srv/app/mock/daycore.php on line 176
[09-Dec-2019 15:00:13 Europe/Berlin] PHP Notice:  Undefined index: operator_name in /srv/app/mock/daycore.php on line 198
[09-Dec-2019 15:00:14 Europe/Berlin] PHP Notice:  Undefined index: operator_name in /srv/app/mock/daycore.php on line 225
[09-Dec-2019 15:00:14 Europe/Berlin] PHP Notice:  Undefined index: operator_name in /srv/app/mock/daycore.php on line 250
[09-Dec-2019 15:00:16 Europe/Berlin] PHP Notice:  Undefined index: code in /srv/app/mock/daycore.php on line 176
[09-Dec-2019 15:00:16 Europe/Berlin] PHP Notice:  Undefined index: tag in /srv/app/mock/daycore.php on line 177
[09-Dec-2019 15:00:16 Europe/Berlin] PHP Notice:  Undefined index: code in /srv/app/mock/daycore.php on line 198
[09-Dec-2019 15:00:16 Europe/Berlin] PHP Notice:  Undefined index: tag in /srv/app/mock/daycore.php on line 199
[09-Dec-2019 15:00:17 Europe/Berlin] PHP Notice:  Undefined index: code in /srv/app/mock/daycore.php on line 224
[09-Dec-2019 15:00:17 Europe/Berlin] PHP Notice:  Undefined index: tag in /srv/app/mock/daycore.php on line 227
[09-Dec-2019 15:00:17 Europe/Berlin] PHP Notice:  Undefined index: code in /srv/app/mock/daycore.php on line 249
[09-Dec-2019 15:00:17 Europe/Berlin] PHP Notice:  Undefined index: tag in /srv/app/mock/daycore.php on line 252
[09-Dec-2019 15:00:17 Europe/Berlin] PHP Notice:  Undefined index: code in /srv/app/mock/daycore.php on line 224
[09-Dec-2019 15:00:17 Europe/Berlin] PHP Notice:  Undefined index: tag in /srv/app/mock/daycore.php on line 227
[09-Dec-2019 15:00:17 Europe/Berlin] PHP Notice:  Undefined index: code in /srv/app/mock/daycore.php on line 249
[09-Dec-2019 15:00:17 Europe/Berlin] PHP Notice:  Undefined index: tag in /srv/app/mock/daycore.php on line 252
[09-Dec-2019 15:00:26 Europe/Berlin] PHP Notice:  Undefined variable: dbw in /srv/app/mock/daycore.php on line 278
[09-Dec-2019 15:00:26 Europe/Berlin] PHP Notice:  Trying to get property of non-object in /srv/app/mock/daycore.php on line 278
[09-Dec-2019 15:00:26 Europe/Berlin] PHP Fatal error:  Call to a member function insert() on a non-object in /srv/app/mock/daycore.php on line 278
[09-Dec-2019 15:00:27 Europe/Berlin] PHP Notice:  Undefined index: operator_name in /srv/app/mock/dailycore.php on line 167
[09-Dec-2019 15:00:27 Europe/Berlin] PHP Notice:  Undefined index: operator_name in /srv/app/mock/dailycore.php on line 189
[09-Dec-2019 15:00:28 Europe/Berlin] PHP Notice:  Undefined index: operator_name in /srv/app/mock/dailycore.php on line 216
[09-Dec-2019 15:00:28 Europe/Berlin] PHP Notice:  Undefined index: operator_name in /srv/app/mock/dailycore.php on line 241
[09-Dec-2019 15:00:28 Europe/Berlin] PHP Notice:  Undefined index: operator_name in /srv/app/mock/dailycore.php on line 167
[09-Dec-2019 15:00:28 Europe/Berlin] PHP Notice:  Undefined index: operator_name in /srv/app/mock/dailycore.php on line 189
[09-Dec-2019 15:00:29 Europe/Berlin] PHP Notice:  Undefined index: operator_name in /srv/app/mock/dailycore.php on line 216
[09-Dec-2019 15:00:29 Europe/Berlin] PHP Notice:  Undefined index: operator_name in /srv/app/mock/dailycore.php on line 241
[09-Dec-2019 15:00:32 Europe/Berlin] PHP Notice:  Undefined index: code in /srv/app/mock/dailycore.php on line 167
[09-Dec-2019 15:00:32 Europe/Berlin] PHP Notice:  Undefined index: tag in /srv/app/mock/dailycore.php on line 168
[09-Dec-2019 15:00:32 Europe/Berlin] PHP Notice:  Undefined index: code in /srv/app/mock/dailycore.php on line 189
[09-Dec-2019 15:00:32 Europe/Berlin] PHP Notice:  Undefined index: tag in /srv/app/mock/dailycore.php on line 190
[09-Dec-2019 15:00:34 Europe/Berlin] PHP Notice:  Undefined index: operator_name in /srv/app/mock/day_whole.php on line 102
[09-Dec-2019 15:00:34 Europe/Berlin] PHP Notice:  Undefined index: operator_name in /srv/app/mock/day_whole.php on line 102
[09-Dec-2019 15:00:35 Europe/Berlin] PHP Notice:  Undefined index: operator_name in /srv/app/mock/daily_whole.php on line 84
[09-Dec-2019 15:00:35 Europe/Berlin] PHP Notice:  Undefined index: operator_name in /srv/app/mock/daily_whole.php on line 84
[09-Dec-2019 15:03:00 Europe/Berlin] PHP Notice:  Undefined index: operator_name in /srv/app/mock/day_whole.php on line 102
[09-Dec-2019 15:03:00 Europe/Berlin] PHP Notice:  Undefined index: operator_name in /srv/app/mock/day_whole.php on line 102
[09-Dec-2019 15:04:24 Europe/Berlin] PHP Notice:  Undefined index: operator_name in /srv/app/mock/daily_whole.php on line 84
[09-Dec-2019 15:04:24 Europe/Berlin] PHP Notice:  Undefined index: operator_name in /srv/app/mock/daily_whole.php on line 84
[09-Dec-2019 15:21:18 Europe/Berlin] PHP Notice:  Undefined index: operator_name in /srv/app/mock/daystats_agent.php on line 76
[09-Dec-2019 15:21:18 Europe/Berlin] PHP Notice:  Undefined index: operator_name in /srv/app/mock/daystats_agent.php on line 76
[09-Dec-2019 15:21:18 Europe/Berlin] PHP Notice:  Undefined index: operator_name in /srv/app/mock/daystats_agent.php on line 81
[09-Dec-2019 15:21:18 Europe/Berlin] PHP Notice:  Undefined index: operator_name in /srv/app/mock/daystats_agent.php on line 81
[09-Dec-2019 15:21:46 Europe/Berlin] PHP Notice:  Undefined index: operator_name in /srv/app/mock/dailystats_agent.php on line 62
[09-Dec-2019 15:21:46 Europe/Berlin] PHP Notice:  Undefined index: operator_name in /srv/app/mock/dailystats_agent.php on line 62
[09-Dec-2019 15:21:46 Europe/Berlin] PHP Notice:  Undefined index: operator_name in /srv/app/mock/dailystats_agent.php on line 67
[09-Dec-2019 15:21:46 Europe/Berlin] PHP Notice:  Undefined index: operator_name in /srv/app/mock/dailystats_agent.php on line 67
[09-Dec-2019 15:28:15 Europe/Berlin] PHP Notice:  Undefined index: operator_name in /srv/app/mock/daystats_agent.php on line 76
[09-Dec-2019 15:28:15 Europe/Berlin] PHP Notice:  Undefined index: operator_name in /srv/app/mock/daystats_agent.php on line 76
[09-Dec-2019 15:28:15 Europe/Berlin] PHP Notice:  Undefined index: operator_name in /srv/app/mock/daystats_agent.php on line 81
[09-Dec-2019 15:28:15 Europe/Berlin] PHP Notice:  Undefined index: operator_name in /srv/app/mock/daystats_agent.php on line 81
[09-Dec-2019 15:28:49 Europe/Berlin] PHP Notice:  Undefined index: operator_name in /srv/app/mock/dailystats_agent.php on line 62
[09-Dec-2019 15:28:49 Europe/Berlin] PHP Notice:  Undefined index: operator_name in /srv/app/mock/dailystats_agent.php on line 62
[09-Dec-2019 15:28:49 Europe/Berlin] PHP Notice:  Undefined index: operator_name in /srv/app/mock/dailystats_agent.php on line 67
[09-Dec-2019 15:28:49 Europe/Berlin] PHP Notice:  Undefined index: operator_name in /srv/app/mock/dailystats_agent.php on line 67
[09-Dec-2019 15:30:03 Europe/Berlin] PHP Notice:  Undefined index: operator_name in /srv/app/mock/daystats_agent.php on line 76
[09-Dec-2019 15:30:03 Europe/Berlin] PHP Notice:  Undefined index: operator_name in /srv/app/mock/daystats_agent.php on line 76
[09-Dec-2019 15:30:03 Europe/Berlin] PHP Notice:  Undefined index: operator_name in /srv/app/mock/daystats_agent.php on line 81
[09-Dec-2019 15:30:03 Europe/Berlin] PHP Notice:  Undefined index: operator_name in /srv/app/mock/daystats_agent.php on line 81
[09-Dec-2019 15:30:39 Europe/Berlin] PHP Notice:  Undefined index: operator_name in /srv/app/mock/dailystats_agent.php on line 62
[09-Dec-2019 15:30:39 Europe/Berlin] PHP Notice:  Undefined index: operator_name in /srv/app/mock/dailystats_agent.php on line 62
[09-Dec-2019 15:30:39 Europe/Berlin] PHP Notice:  Undefined index: operator_name in /srv/app/mock/dailystats_agent.php on line 67
[09-Dec-2019 15:30:39 Europe/Berlin] PHP Notice:  Undefined index: operator_name in /srv/app/mock/dailystats_agent.php on line 67
[09-Dec-2019 16:00:03 Europe/Berlin] PHP Notice:  Undefined index: operator_name in /srv/app/mock/day_whole.php on line 102
[09-Dec-2019 16:00:03 Europe/Berlin] PHP Notice:  Undefined index: operator_name in /srv/app/mock/day_whole.php on line 102
[09-Dec-2019 16:00:04 Europe/Berlin] PHP Notice:  Undefined index: operator_name in /srv/app/mock/daily_whole.php on line 84
[09-Dec-2019 16:00:04 Europe/Berlin] PHP Notice:  Undefined index: operator_name in /srv/app/mock/daily_whole.php on line 84
[09-Dec-2019 16:00:10 Europe/Berlin] PHP Notice:  Undefined index: tag in /srv/app/mock/dailycore.php on line 168
[09-Dec-2019 16:00:10 Europe/Berlin] PHP Notice:  Undefined index: tag in /srv/app/mock/dailycore.php on line 190
[09-Dec-2019 16:00:11 Europe/Berlin] PHP Notice:  Undefined index: tag in /srv/app/mock/dailycore.php on line 168
[09-Dec-2019 16:00:11 Europe/Berlin] PHP Notice:  Undefined index: tag in /srv/app/mock/dailycore.php on line 190
[09-Dec-2019 16:00:14 Europe/Berlin] PHP Notice:  Undefined index: operator_name in /srv/app/mock/daycore.php on line 176
[09-Dec-2019 16:00:14 Europe/Berlin] PHP Notice:  Undefined index: operator_name in /srv/app/mock/daycore.php on line 198
[09-Dec-2019 16:00:15 Europe/Berlin] PHP Notice:  Undefined index: operator_name in /srv/app/mock/daycore.php on line 225
[09-Dec-2019 16:00:15 Europe/Berlin] PHP Notice:  Undefined index: operator_name in /srv/app/mock/daycore.php on line 250
[09-Dec-2019 16:00:15 Europe/Berlin] PHP Notice:  Undefined index: operator_name in /srv/app/mock/daycore.php on line 176
[09-Dec-2019 16:00:15 Europe/Berlin] PHP Notice:  Undefined index: operator_name in /srv/app/mock/daycore.php on line 198
[09-Dec-2019 16:00:16 Europe/Berlin] PHP Notice:  Undefined index: operator_name in /srv/app/mock/daycore.php on line 225
[09-Dec-2019 16:00:16 Europe/Berlin] PHP Notice:  Undefined index: operator_name in /srv/app/mock/daycore.php on line 250
[09-Dec-2019 16:00:19 Europe/Berlin] PHP Notice:  Undefined index: code in /srv/app/mock/daycore.php on line 176
[09-Dec-2019 16:00:19 Europe/Berlin] PHP Notice:  Undefined index: tag in /srv/app/mock/daycore.php on line 177
[09-Dec-2019 16:00:19 Europe/Berlin] PHP Notice:  Undefined index: code in /srv/app/mock/daycore.php on line 198
[09-Dec-2019 16:00:19 Europe/Berlin] PHP Notice:  Undefined index: tag in /srv/app/mock/daycore.php on line 199
[09-Dec-2019 16:00:25 Europe/Berlin] PHP Notice:  Undefined index: operator_name in /srv/app/mock/dailycore.php on line 167
[09-Dec-2019 16:00:26 Europe/Berlin] PHP Notice:  Undefined index: operator_name in /srv/app/mock/dailycore.php on line 189
[09-Dec-2019 16:00:26 Europe/Berlin] PHP Notice:  Undefined index: operator_name in /srv/app/mock/dailycore.php on line 216
[09-Dec-2019 16:00:26 Europe/Berlin] PHP Notice:  Undefined index: operator_name in /srv/app/mock/dailycore.php on line 241
[09-Dec-2019 16:00:27 Europe/Berlin] PHP Notice:  Undefined index: operator_name in /srv/app/mock/dailycore.php on line 167
[09-Dec-2019 16:00:27 Europe/Berlin] PHP Notice:  Undefined index: operator_name in /srv/app/mock/dailycore.php on line 189
[09-Dec-2019 16:00:28 Europe/Berlin] PHP Notice:  Undefined index: operator_name in /srv/app/mock/dailycore.php on line 216
[09-Dec-2019 16:00:28 Europe/Berlin] PHP Notice:  Undefined index: operator_name in /srv/app/mock/dailycore.php on line 241
[09-Dec-2019 16:00:32 Europe/Berlin] PHP Notice:  Undefined index: code in /srv/app/mock/dailycore.php on line 167
[09-Dec-2019 16:00:32 Europe/Berlin] PHP Notice:  Undefined index: tag in /srv/app/mock/dailycore.php on line 168
[09-Dec-2019 16:00:32 Europe/Berlin] PHP Notice:  Undefined index: code in /srv/app/mock/dailycore.php on line 167
[09-Dec-2019 16:00:32 Europe/Berlin] PHP Notice:  Undefined index: tag in /srv/app/mock/dailycore.php on line 168
[09-Dec-2019 16:00:32 Europe/Berlin] PHP Notice:  Undefined index: code in /srv/app/mock/dailycore.php on line 189
[09-Dec-2019 16:00:32 Europe/Berlin] PHP Notice:  Undefined index: tag in /srv/app/mock/dailycore.php on line 190
[09-Dec-2019 16:00:32 Europe/Berlin] PHP Notice:  Undefined index: code in /srv/app/mock/dailycore.php on line 189
[09-Dec-2019 16:00:32 Europe/Berlin] PHP Notice:  Undefined index: tag in /srv/app/mock/dailycore.php on line 190
[09-Dec-2019 16:00:33 Europe/Berlin] PHP Notice:  Undefined index: code in /srv/app/mock/dailycore.php on line 215
[09-Dec-2019 16:00:33 Europe/Berlin] PHP Notice:  Undefined index: tag in /srv/app/mock/dailycore.php on line 218
[09-Dec-2019 16:00:33 Europe/Berlin] PHP Notice:  Undefined index: code in /srv/app/mock/dailycore.php on line 240
[09-Dec-2019 16:00:33 Europe/Berlin] PHP Notice:  Undefined index: tag in /srv/app/mock/dailycore.php on line 243
[09-Dec-2019 16:00:33 Europe/Berlin] PHP Notice:  Undefined index: code in /srv/app/mock/dailycore.php on line 215
[09-Dec-2019 16:00:33 Europe/Berlin] PHP Notice:  Undefined index: tag in /srv/app/mock/dailycore.php on line 218
[09-Dec-2019 16:00:33 Europe/Berlin] PHP Notice:  Undefined index: code in /srv/app/mock/dailycore.php on line 240
[09-Dec-2019 16:00:33 Europe/Berlin] PHP Notice:  Undefined index: tag in /srv/app/mock/dailycore.php on line 243
[09-Dec-2019 16:00:34 Europe/Berlin] PHP Notice:  Undefined index: operator_name in /srv/app/mock/day_whole.php on line 102
[09-Dec-2019 16:00:34 Europe/Berlin] PHP Notice:  Undefined index: operator_name in /srv/app/mock/day_whole.php on line 102
[09-Dec-2019 16:00:35 Europe/Berlin] PHP Notice:  Undefined index: operator_name in /srv/app/mock/daily_whole.php on line 84
[09-Dec-2019 16:00:35 Europe/Berlin] PHP Notice:  Undefined index: operator_name in /srv/app/mock/daily_whole.php on line 84
[09-Dec-2019 16:03:04 Europe/Berlin] PHP Notice:  Undefined index: operator_name in /srv/app/mock/day_whole.php on line 102
[09-Dec-2019 16:03:04 Europe/Berlin] PHP Notice:  Undefined index: operator_name in /srv/app/mock/day_whole.php on line 102
[09-Dec-2019 16:04:28 Europe/Berlin] PHP Notice:  Undefined index: operator_name in /srv/app/mock/daily_whole.php on line 84
[09-Dec-2019 16:04:28 Europe/Berlin] PHP Notice:  Undefined index: operator_name in /srv/app/mock/daily_whole.php on line 84
[09-Dec-2019 16:21:48 Europe/Berlin] PHP Notice:  Undefined index: operator_name in /srv/app/mock/daystats_agent.php on line 76
[09-Dec-2019 16:21:48 Europe/Berlin] PHP Notice:  Undefined index: operator_name in /srv/app/mock/daystats_agent.php on line 76
[09-Dec-2019 16:21:48 Europe/Berlin] PHP Notice:  Undefined index: operator_name in /srv/app/mock/daystats_agent.php on line 81
[09-Dec-2019 16:21:48 Europe/Berlin] PHP Notice:  Undefined index: operator_name in /srv/app/mock/daystats_agent.php on line 81
[09-Dec-2019 16:22:23 Europe/Berlin] PHP Notice:  Undefined index: operator_name in /srv/app/mock/dailystats_agent.php on line 62
[09-Dec-2019 16:22:23 Europe/Berlin] PHP Notice:  Undefined index: operator_name in /srv/app/mock/dailystats_agent.php on line 62
[09-Dec-2019 16:22:23 Europe/Berlin] PHP Notice:  Undefined index: operator_name in /srv/app/mock/dailystats_agent.php on line 67
[09-Dec-2019 16:22:23 Europe/Berlin] PHP Notice:  Undefined index: operator_name in /srv/app/mock/dailystats_agent.php on line 67
[09-Dec-2019 16:28:58 Europe/Berlin] PHP Notice:  Undefined index: operator_name in /srv/app/mock/daystats_agent.php on line 76
[09-Dec-2019 16:28:58 Europe/Berlin] PHP Notice:  Undefined index: operator_name in /srv/app/mock/daystats_agent.php on line 76
[09-Dec-2019 16:28:58 Europe/Berlin] PHP Notice:  Undefined index: operator_name in /srv/app/mock/daystats_agent.php on line 81
[09-Dec-2019 16:28:58 Europe/Berlin] PHP Notice:  Undefined index: operator_name in /srv/app/mock/daystats_agent.php on line 81
[09-Dec-2019 16:29:41 Europe/Berlin] PHP Notice:  Undefined index: operator_name in /srv/app/mock/dailystats_agent.php on line 62
[09-Dec-2019 16:29:41 Europe/Berlin] PHP Notice:  Undefined index: operator_name in /srv/app/mock/dailystats_agent.php on line 62
[09-Dec-2019 16:29:41 Europe/Berlin] PHP Notice:  Undefined index: operator_name in /srv/app/mock/dailystats_agent.php on line 67
[09-Dec-2019 16:29:41 Europe/Berlin] PHP Notice:  Undefined index: operator_name in /srv/app/mock/dailystats_agent.php on line 67
[09-Dec-2019 16:30:50 Europe/Berlin] PHP Notice:  Undefined index: operator_name in /srv/app/mock/daystats_agent.php on line 76
[09-Dec-2019 16:30:50 Europe/Berlin] PHP Notice:  Undefined index: operator_name in /srv/app/mock/daystats_agent.php on line 76
[09-Dec-2019 16:30:50 Europe/Berlin] PHP Notice:  Undefined index: operator_name in /srv/app/mock/daystats_agent.php on line 81
[09-Dec-2019 16:30:50 Europe/Berlin] PHP Notice:  Undefined index: operator_name in /srv/app/mock/daystats_agent.php on line 81
[09-Dec-2019 16:31:35 Europe/Berlin] PHP Notice:  Undefined index: operator_name in /srv/app/mock/dailystats_agent.php on line 62
[09-Dec-2019 16:31:35 Europe/Berlin] PHP Notice:  Undefined index: operator_name in /srv/app/mock/dailystats_agent.php on line 62
[09-Dec-2019 16:31:35 Europe/Berlin] PHP Notice:  Undefined index: operator_name in /srv/app/mock/dailystats_agent.php on line 67
[09-Dec-2019 16:31:35 Europe/Berlin] PHP Notice:  Undefined index: operator_name in /srv/app/mock/dailystats_agent.php on line 67
